{
  "RSpec": {
    "coverage": {
      "/home/andrii/garage/book_store/app/controllers/books_controller.rb": [
        1,
        1,
        null,
        1,
        15,
        15,
        15,
        null,
        15,
        15,
        null,
        null,
        1,
        9,
        9,
        9,
        null,
        null
      ],
      "/home/andrii/garage/book_store/app/controllers/checkouts_controller.rb": [
        1,
        1,
        1,
        null,
        1,
        1,
        null,
        1,
        6,
        1,
        1,
        1,
        1,
        2,
        null,
        null,
        null,
        1,
        5,
        2,
        1,
        1,
        1,
        null,
        null,
        null,
        1,
        null,
        1,
        11,
        null,
        11,
        11,
        null,
        null,
        1,
        11,
        null,
        null,
        1,
        11,
        null,
        null,
        1,
        11,
        null,
        null,
        1,
        11,
        3,
        2,
        2,
        2,
        2,
        null,
        null,
        null
      ],
      "/home/andrii/garage/book_store/app/controllers/concerns/checkout_show.rb": [
        1,
        1,
        null,
        1,
        1,
        null,
        1,
        1,
        1,
        1,
        null,
        null,
        1,
        1,
        1,
        null,
        null,
        1,
        1,
        1,
        null,
        null,
        1,
        1,
        null,
        null,
        1,
        2,
        2,
        2,
        null,
        null,
        null
      ],
      "/home/andrii/garage/book_store/app/controllers/concerns/checkout_update.rb": [
        1,
        1,
        null,
        1,
        1,
        null,
        1,
        2,
        2,
        2,
        2,
        null,
        0,
        null,
        null,
        null,
        1,
        1,
        1,
        null,
        null,
        1,
        1,
        1,
        null,
        1,
        1,
        null,
        0,
        null,
        null,
        null,
        1,
        1,
        null,
        null,
        1,
        4,
        null,
        4,
        null,
        4,
        null,
        null,
        1,
        1,
        null,
        null,
        1,
        2,
        null,
        null,
        null,
        null,
        null,
        1,
        2,
        2,
        null,
        null,
        null
      ],
      "/home/andrii/garage/book_store/app/controllers/fast_registrations_controller.rb": [
        1,
        1,
        null,
        null,
        1,
        2,
        null,
        null,
        null,
        2,
        null,
        2,
        1,
        1,
        1,
        null,
        1,
        null,
        null,
        null
      ],
      "/home/andrii/garage/book_store/app/controllers/home_controller.rb": [
        1,
        1,
        7,
        7,
        null,
        null
      ],
      "/home/andrii/garage/book_store/app/controllers/order_items_controller.rb": [
        1,
        1,
        11,
        null,
        null,
        1,
        6,
        null,
        6,
        5,
        null,
        1,
        null,
        null,
        null,
        1,
        2,
        null,
        2,
        1,
        null,
        1,
        null,
        null,
        null,
        1,
        0,
        null,
        null,
        1,
        null,
        1,
        6,
        null,
        null
      ],
      "/home/andrii/garage/book_store/app/controllers/orders_controller.rb": [
        1,
        1,
        1,
        null,
        1,
        4,
        null,
        4,
        2,
        null,
        2,
        null,
        null,
        4,
        null,
        null,
        1,
        5,
        5,
        null,
        5,
        5,
        null,
        null,
        1,
        2,
        2,
        null,
        null
      ],
      "/home/andrii/garage/book_store/app/controllers/reviews_controller.rb": [
        1,
        1,
        null,
        1,
        3,
        null,
        3,
        null,
        1,
        null,
        null,
        1,
        null,
        1,
        3,
        null,
        null,
        1,
        1,
        null,
        null
      ],
      "/home/andrii/garage/book_store/app/controllers/users/omniauth_callbacks_controller.rb": [
        1,
        1,
        3,
        3,
        null,
        null
      ],
      "/home/andrii/garage/book_store/app/controllers/users_controller.rb": [
        1,
        1,
        1,
        0,
        0,
        null,
        null,
        1,
        8,
        8,
        null,
        null,
        1,
        6,
        null,
        6,
        5,
        null,
        1,
        null,
        null,
        null,
        1,
        1,
        1,
        null,
        null,
        1,
        null,
        1,
        6,
        null,
        null,
        null,
        null,
        null,
        null,
        null,
        null,
        null
      ],
      "/home/andrii/garage/book_store/app/decorators/order_decorator.rb": [
        1,
        1,
        null,
        1,
        null,
        1,
        15,
        null,
        null,
        1,
        39,
        null,
        4,
        4,
        null,
        null,
        1,
        1,
        null,
        null,
        1,
        3,
        1,
        1,
        1,
        null,
        null,
        null,
        1,
        2,
        null,
        null
      ],
      "/home/andrii/garage/book_store/app/decorators/order_item_decorator.rb": [
        1,
        1,
        null,
        1,
        18,
        null,
        null
      ],
      "/home/andrii/garage/book_store/app/models/order_item.rb": [
        1,
        1,
        1,
        null
      ],
      "/home/andrii/garage/book_store/app/decorators/user_decorator.rb": [
        1,
        1,
        null,
        1,
        22,
        null,
        null,
        1,
        0,
        null,
        null
      ],
      "/home/andrii/garage/book_store/app/interactors/update_user.rb": [
        1,
        1,
        null,
        1,
        10,
        10,
        null,
        10,
        null,
        9,
        null,
        3,
        null,
        null
      ],
      "/home/andrii/garage/book_store/app/mailers/order_confirmation_mailer.rb": [
        1,
        1,
        6,
        6,
        null,
        null
      ],
      "/home/andrii/garage/book_store/app/mailers/application_mailer.rb": [
        1,
        1,
        1,
        null
      ],
      "/home/andrii/garage/book_store/app/models/authors_book.rb": [
        1,
        1,
        1,
        null
      ],
      "/home/andrii/garage/book_store/app/models/billing.rb": [
        1,
        1,
        null,
        1,
        null,
        null,
        null,
        null,
        null,
        null,
        null,
        null,
        null,
        null,
        1,
        1,
        null
      ],
      "/home/andrii/garage/book_store/app/models/books_category.rb": [
        1,
        1,
        1,
        null
      ],
      "/home/andrii/garage/book_store/app/models/credit_card.rb": [
        1,
        1,
        null,
        1,
        null,
        1,
        1,
        1,
        null
      ],
      "/home/andrii/garage/book_store/app/models/delivery.rb": [
        1,
        1,
        null
      ],
      "/home/andrii/garage/book_store/app/models/shipping.rb": [
        1,
        1,
        null,
        1,
        null,
        null,
        null,
        null,
        null,
        null,
        null,
        null,
        null,
        null,
        1,
        1,
        null
      ],
      "/home/andrii/garage/book_store/app/queries/bestsellers_query.rb": [
        1,
        1,
        8,
        null,
        null,
        null,
        null,
        null,
        null,
        null,
        null,
        null,
        null,
        8,
        null,
        null
      ],
      "/home/andrii/garage/book_store/app/queries/default_books_query.rb": [
        1,
        1,
        29,
        null,
        null,
        1,
        29,
        null,
        null,
        1,
        29,
        null,
        null,
        null,
        null,
        null,
        1,
        null,
        1,
        29,
        null,
        10,
        null,
        null,
        1,
        29,
        null,
        3,
        null,
        null,
        1,
        29,
        29,
        null,
        28,
        null,
        null,
        1,
        1,
        null,
        null
      ],
      "/home/andrii/garage/book_store/app/services/checkout_service.rb": [
        1,
        1,
        null,
        1,
        8,
        8,
        8,
        null,
        null,
        1,
        8,
        null,
        null,
        1,
        8,
        4,
        4,
        null,
        null,
        null,
        1,
        null,
        1,
        4,
        4,
        4,
        null,
        null
      ],
      "/home/andrii/garage/book_store/app/services/update_total_price.rb": [
        1,
        1,
        null,
        1,
        14,
        14,
        14,
        14,
        14,
        14,
        null,
        null,
        1,
        14,
        null,
        null,
        1,
        14,
        null,
        6,
        null,
        null,
        1,
        14,
        null,
        11,
        null,
        8,
        null,
        null
      ],
      "/home/andrii/garage/book_store/app/decorators/paginating_decorator.rb": [
        1,
        1,
        null
      ],
      "/home/andrii/garage/book_store/app/interactors/add_delivery.rb": [
        1,
        1,
        null,
        1,
        1,
        null,
        1,
        null,
        1,
        null,
        1,
        1,
        null,
        null
      ],
      "/home/andrii/garage/book_store/app/interactors/create_order_item.rb": [
        1,
        1,
        null,
        1,
        6,
        6,
        null,
        5,
        1,
        null,
        4,
        4,
        null,
        null,
        5,
        null,
        null,
        1,
        null,
        1,
        5,
        null,
        null,
        1,
        1,
        1,
        null,
        null
      ],
      "/home/andrii/garage/book_store/app/interactors/destroy_order_item.rb": [
        1,
        1,
        null,
        1,
        2,
        2,
        null,
        1,
        1,
        null,
        null
      ],
      "/home/andrii/garage/book_store/app/interactors/add_coupon.rb": [
        1,
        1,
        null,
        1,
        4,
        null,
        2,
        null,
        2,
        2,
        null,
        null,
        1,
        null,
        1,
        4,
        null,
        null,
        1,
        4,
        null,
        null,
        1,
        4,
        null,
        null
      ],
      "/home/andrii/garage/book_store/app/interactors/validate_status_filter.rb": [
        1,
        1,
        null,
        1,
        5,
        5,
        5,
        null,
        null,
        1,
        null,
        1,
        5,
        null,
        null,
        1,
        5,
        2,
        1,
        1,
        1,
        null,
        null,
        null
      ],
      "/home/andrii/garage/book_store/app/queries/orders_query.rb": [
        1,
        1,
        null,
        1,
        5,
        5,
        null,
        null,
        1,
        5,
        null,
        null,
        1,
        5,
        null,
        null,
        null,
        1,
        null,
        1,
        5,
        null,
        null,
        1,
        5,
        null,
        null
      ],
      "/home/andrii/garage/book_store/app/decorators/billing_decorator.rb": [
        1,
        null
      ]
    },
    "timestamp": 1638291303
  }
}
